<?xml version="1.0" encoding="UTF-8"?>
<!-- Generated by org.testng.reporters.JUnitXMLReporter -->
<testsuite ignored="0" hostname="LAPTOP-NCHEJP9L" failures="5" tests="14" name="Test-firefox" time="1.016" errors="0" timestamp="30 Jul 2022 00:12:50 GMT">
  <testcase classname="com.lapCorpTaskTest.baseClass" name="@BeforeClass initializeDriver" time="0.966">
    <failure type="org.openqa.selenium.SessionNotCreatedException" message="session not created: This version of ChromeDriver only supports Chrome version 85
Build info: version: &amp;apos;3.141.59&amp;apos;, revision: &amp;apos;e82be7d358&amp;apos;, time: &amp;apos;2018-11-14T08:17:03&amp;apos;
System info: host: &amp;apos;LAPTOP-NCHEJP9L&amp;apos;, ip: &amp;apos;192.168.0.8&amp;apos;, os.name: &amp;apos;Windows 10&amp;apos;, os.arch: &amp;apos;amd64&amp;apos;, os.version: &amp;apos;10.0&amp;apos;, java.version: &amp;apos;17.0.3&amp;apos;
Driver info: driver.version: ChromeDriver
remote stacktrace: Backtrace:
	Ordinal0 [0x0041D383+3134339]
	Ordinal0 [0x0030A171+2007409]
	Ordinal0 [0x001AAEE8+569064]
	Ordinal0 [0x0013139F+70559]
	Ordinal0 [0x0012CC63+52323]
	Ordinal0 [0x00150DFC+200188]
	Ordinal0 [0x00150C1D+199709]
	Ordinal0 [0x0014EB0B+191243]
	Ordinal0 [0x00132E77+77431]
	Ordinal0 [0x00133E3E+81470]
	Ordinal0 [0x00133DC9+81353]
	Ordinal0 [0x00320CD9+2100441]
	GetHandleVerifier [0x0058B75A+1396954]
	GetHandleVerifier [0x0058B3D9+1396057]
	GetHandleVerifier [0x00597126+1444518]
	GetHandleVerifier [0x0058BCE8+1398376]
	Ordinal0 [0x00317F51+2064209]
	Ordinal0 [0x003222EB+2106091]
	Ordinal0 [0x00322411+2106385]
	Ordinal0 [0x003349C4+2181572]
	BaseThreadInitThunk [0x7692FA29+25]
	RtlGetAppContainerNamedObjectPath [0x770D7A9E+286]
	RtlGetAppContainerNamedObjectPath [0x770D7A6E+238]
">
      <![CDATA[org.openqa.selenium.SessionNotCreatedException: session not created: This version of ChromeDriver only supports Chrome version 85
Build info: version: '3.141.59', revision: 'e82be7d358', time: '2018-11-14T08:17:03'
System info: host: 'LAPTOP-NCHEJP9L', ip: '192.168.0.8', os.name: 'Windows 10', os.arch: 'amd64', os.version: '10.0', java.version: '17.0.3'
Driver info: driver.version: ChromeDriver
remote stacktrace: Backtrace:
Ordinal0 [0x0041D383+3134339]
Ordinal0 [0x0030A171+2007409]
Ordinal0 [0x001AAEE8+569064]
Ordinal0 [0x0013139F+70559]
Ordinal0 [0x0012CC63+52323]
Ordinal0 [0x00150DFC+200188]
Ordinal0 [0x00150C1D+199709]
Ordinal0 [0x0014EB0B+191243]
Ordinal0 [0x00132E77+77431]
Ordinal0 [0x00133E3E+81470]
Ordinal0 [0x00133DC9+81353]
Ordinal0 [0x00320CD9+2100441]
GetHandleVerifier [0x0058B75A+1396954]
GetHandleVerifier [0x0058B3D9+1396057]
GetHandleVerifier [0x00597126+1444518]
GetHandleVerifier [0x0058BCE8+1398376]
Ordinal0 [0x00317F51+2064209]
Ordinal0 [0x003222EB+2106091]
Ordinal0 [0x00322411+2106385]
Ordinal0 [0x003349C4+2181572]
BaseThreadInitThunk [0x7692FA29+25]
RtlGetAppContainerNamedObjectPath [0x770D7A9E+286]
RtlGetAppContainerNamedObjectPath [0x770D7A6E+238]

at org.openqa.selenium.remote.W3CHandshakeResponse.lambda$errorHandler$0(W3CHandshakeResponse.java:62)
at org.openqa.selenium.remote.HandshakeResponse.lambda$getResponseFunction$0(HandshakeResponse.java:30)
at org.openqa.selenium.remote.ProtocolHandshake.lambda$createSession$0(ProtocolHandshake.java:126)
at java.base/java.util.stream.ReferencePipeline$3$1.accept(ReferencePipeline.java:197)
at java.base/java.util.Spliterators$ArraySpliterator.tryAdvance(Spliterators.java:1002)
at java.base/java.util.stream.ReferencePipeline.forEachWithCancel(ReferencePipeline.java:129)
at java.base/java.util.stream.AbstractPipeline.copyIntoWithCancel(AbstractPipeline.java:527)
at java.base/java.util.stream.AbstractPipeline.copyInto(AbstractPipeline.java:513)
at java.base/java.util.stream.AbstractPipeline.wrapAndCopyInto(AbstractPipeline.java:499)
at java.base/java.util.stream.FindOps$FindOp.evaluateSequential(FindOps.java:150)
at java.base/java.util.stream.AbstractPipeline.evaluate(AbstractPipeline.java:234)
at java.base/java.util.stream.ReferencePipeline.findFirst(ReferencePipeline.java:647)
at org.openqa.selenium.remote.ProtocolHandshake.createSession(ProtocolHandshake.java:128)
at org.openqa.selenium.remote.ProtocolHandshake.createSession(ProtocolHandshake.java:74)
at org.openqa.selenium.remote.HttpCommandExecutor.execute(HttpCommandExecutor.java:136)
at org.openqa.selenium.remote.service.DriverCommandExecutor.execute(DriverCommandExecutor.java:83)
at org.openqa.selenium.remote.RemoteWebDriver.execute(RemoteWebDriver.java:552)
at org.openqa.selenium.remote.RemoteWebDriver.startSession(RemoteWebDriver.java:213)
at org.openqa.selenium.remote.RemoteWebDriver.<init>(RemoteWebDriver.java:131)
at org.openqa.selenium.chrome.ChromeDriver.<init>(ChromeDriver.java:181)
at org.openqa.selenium.chrome.ChromeDriver.<init>(ChromeDriver.java:168)
at org.openqa.selenium.chrome.ChromeDriver.<init>(ChromeDriver.java:123)
at com.lapCorpTaskTest.baseClass.initializeDriver(baseClass.java:42)
... Removed 31 stack frames]]>
    </failure>
  </testcase> <!-- @BeforeClass initializeDriver -->
  <testcase classname="com.lapCorpTaskTest.baseClass" name="@AfterClass tearDown" time="0.0">
    <skipped/>
  </testcase> <!-- @AfterClass tearDown -->
  <testcase classname="com.lapCorpTaskTest.stepDefinition" name="user_" time="0.0">
    <failure type="org.testng.TestNGException" message="
Cannot inject @Test annotated Method [user_] with [class java.lang.String].
For more information on native dependency injection please refer to http://testng.org/doc/documentation-main.html#native-dependency-injection">
      <![CDATA[org.testng.TestNGException: 
Cannot inject @Test annotated Method [user_] with [class java.lang.String].
For more information on native dependency injection please refer to http://testng.org/doc/documentation-main.html#native-dependency-injection
... Removed 24 stack frames]]>
    </failure>
  </testcase> <!-- user_ -->
  <testcase classname="com.lapCorpTaskTest.stepDefinition" name="user_VerifiedJobTitleLocationAndId" time="0.0">
    <skipped/>
  </testcase> <!-- user_VerifiedJobTitleLocationAndId -->
  <testcase classname="com.lapCorpTaskTest.stepDefinition" name="user_clickOnApplyNowButton" time="0.0">
    <skipped/>
  </testcase> <!-- user_clickOnApplyNowButton -->
  <testcase classname="com.lapCorpTaskTest.stepDefinition" name="user_clickOnRetutrnTosearchPage" time="0.0">
    <skipped/>
  </testcase> <!-- user_clickOnRetutrnTosearchPage -->
  <testcase classname="com.lapCorpTaskTest.stepDefinition" name="user_clicksOnCareerLink" time="0.0">
    <skipped/>
  </testcase> <!-- user_clicksOnCareerLink -->
  <testcase classname="com.lapCorpTaskTest.stepDefinition" name="user_openApp" time="0.0">
    <failure type="org.testng.TestNGException" message="
Cannot inject @Test annotated Method [user_openApp] with [class java.lang.String].
For more information on native dependency injection please refer to http://testng.org/doc/documentation-main.html#native-dependency-injection">
      <![CDATA[org.testng.TestNGException: 
Cannot inject @Test annotated Method [user_openApp] with [class java.lang.String].
For more information on native dependency injection please refer to http://testng.org/doc/documentation-main.html#native-dependency-injection
... Removed 24 stack frames]]>
    </failure>
  </testcase> <!-- user_openApp -->
  <testcase classname="com.lapCorpTaskTest.stepDefinition" name="user_openApp1" time="0.0">
    <failure type="org.testng.TestNGException" message="
Cannot inject @Test annotated Method [user_openApp1] with [class java.lang.String].
For more information on native dependency injection please refer to http://testng.org/doc/documentation-main.html#native-dependency-injection">
      <![CDATA[org.testng.TestNGException: 
Cannot inject @Test annotated Method [user_openApp1] with [class java.lang.String].
For more information on native dependency injection please refer to http://testng.org/doc/documentation-main.html#native-dependency-injection
... Removed 24 stack frames]]>
    </failure>
  </testcase> <!-- user_openApp1 -->
  <testcase classname="com.lapCorpTaskTest.stepDefinition" name="user_verifiedFirstSentenceThirdParagraph" time="0.0">
    <skipped/>
  </testcase> <!-- user_verifiedFirstSentenceThirdParagraph -->
  <testcase classname="com.lapCorpTaskTest.stepDefinition" name="user_verifiedJobTitleLocationANDID" time="0.0">
    <skipped/>
  </testcase> <!-- user_verifiedJobTitleLocationANDID -->
  <testcase classname="com.lapCorpTaskTest.stepDefinition" name="user_verifiedSearchForJobPage" time="0.0">
    <skipped/>
  </testcase> <!-- user_verifiedSearchForJobPage -->
  <testcase classname="com.lapCorpTaskTest.stepDefinition" name="user_verifiedSuggestedToolAsSElenium" time="0.0">
    <skipped/>
  </testcase> <!-- user_verifiedSuggestedToolAsSElenium -->
  <testcase classname="com.lapCorpTaskTest.stepDefinition" name="user_verifiedThirdRequirementAs5Yrs" time="0.0">
    <skipped/>
  </testcase> <!-- user_verifiedThirdRequirementAs5Yrs -->
  <testcase classname="com.lapcorptaskApi.Com_lapcorpApi_PostRequest" name="PostRequest" time="0.002">
    <failure type="java.lang.NoClassDefFoundError" message="Could not initialize class io.restassured.RestAssured">
      <![CDATA[java.lang.NoClassDefFoundError: Could not initialize class io.restassured.RestAssured
at com.lapcorptaskApi.Com_lapcorpApi_PostRequest.PostRequest(Com_lapcorpApi_PostRequest.java:20)
... Removed 25 stack frames]]>
    </failure>
  </testcase> <!-- PostRequest -->
  <testcase classname="com.lapcorptaskApi.Com_lapcorpApi_GetRequest" name="get_UserInfo" time="0.001">
    <failure type="java.lang.NoClassDefFoundError" message="Could not initialize class io.restassured.RestAssured">
      <![CDATA[java.lang.NoClassDefFoundError: Could not initialize class io.restassured.RestAssured
at com.lapcorptaskApi.Com_lapcorpApi_GetRequest.get_UserInfo(Com_lapcorpApi_GetRequest.java:19)
... Removed 25 stack frames]]>
    </failure>
  </testcase> <!-- get_UserInfo -->
</testsuite> <!-- Test-firefox -->
