<?xml version="1.0" encoding="UTF-8"?>
<!-- Generated by org.testng.reporters.JUnitReportReporter -->
<testsuite hostname="LAPTOP-NCHEJP9L" failures="0" tests="1" name="NewTest" time="0.014" errors="0" timestamp="22 Jul 2022 21:08:21 GMT" skipped="0">
  <testcase classname="NewTest" name="f" time="0.014"/>
</testsuite> <!-- NewTest -->
